#
# There is insufficient memory for the Java Runtime Environment to continue.
# Native memory allocation (malloc) failed to allocate 1075296 bytes for Chunk::new
# Possible reasons:
#   The system is out of physical RAM or swap space
#   The process is running with CompressedOops enabled, and the Java Heap may be blocking the growth of the native heap
# Possible solutions:
#   Reduce memory load on the system
#   Increase physical memory or swap space
#   Check if swap backing store is full
#   Decrease Java heap size (-Xmx/-Xms)
#   Decrease number of Java threads
#   Decrease Java thread stack sizes (-Xss)
#   Set larger code cache with -XX:ReservedCodeCacheSize=
#   JVM is running with Unscaled Compressed Oops mode in which the Java heap is
#     placed in the first 4GB address space. The Java Heap base address is the
#     maximum limit for the native heap growth. Please use -XX:HeapBaseMinAddress
#     to set the Java Heap base and to place the Java Heap above 4GB virtual address.
# This output file may be truncated or incomplete.
#
#  Out of Memory Error (allocation.cpp:389), pid=9516, tid=0x0000000000003794
#
# JRE version: Java(TM) SE Runtime Environment (8.0_221-b11) (build 1.8.0_221-b11)
# Java VM: Java HotSpot(TM) 64-Bit Server VM (25.221-b11 mixed mode windows-amd64 compressed oops)
# Failed to write core dump. Minidumps are not enabled by default on client versions of Windows
#

---------------  T H R E A D  ---------------

Current thread (0x0000000017f23800):  JavaThread "C2 CompilerThread0" daemon [_thread_in_native, id=14228, stack(0x0000000019580000,0x0000000019680000)]

Stack: [0x0000000019580000,0x0000000019680000]
[error occurred during error reporting (printing stack bounds), id 0xc0000005]

Native frames: (J=compiled Java code, j=interpreted, Vv=VM code, C=native code)


Current CompileTask:
C2:   2453 2143   !   4       java.net.URLClassLoader$1::run (63 bytes)


---------------  P R O C E S S  ---------------

Java Threads: ( => current thread )
  0x00000000198b8800 JavaThread "Service Thread" daemon [_thread_blocked, id=15288, stack(0x0000000019c80000,0x0000000019d80000)]
  0x0000000017f3a000 JavaThread "C1 CompilerThread2" daemon [_thread_blocked, id=7856, stack(0x0000000019780000,0x0000000019880000)]
  0x0000000017f27800 JavaThread "C2 CompilerThread1" daemon [_thread_in_native, id=14660, stack(0x0000000019680000,0x0000000019780000)]
=>0x0000000017f23800 JavaThread "C2 CompilerThread0" daemon [_thread_in_native, id=14228, stack(0x0000000019580000,0x0000000019680000)]
  0x0000000017f22000 JavaThread "Attach Listener" daemon [_thread_blocked, id=14564, stack(0x0000000019480000,0x0000000019580000)]
  0x0000000017f34800 JavaThread "Signal Dispatcher" daemon [_thread_blocked, id=17396, stack(0x0000000019380000,0x0000000019480000)]
  0x000000000335b800 JavaThread "Finalizer" daemon [_thread_blocked, id=7704, stack(0x0000000019180000,0x0000000019280000)]
  0x0000000017f0a000 JavaThread "Reference Handler" daemon [_thread_blocked, id=9412, stack(0x0000000019080000,0x0000000019180000)]
  0x0000000003266000 JavaThread "main" [_thread_in_native, id=18796, stack(0x0000000003160000,0x0000000003260000)]

Other Threads:
  0x0000000017ee8800 VMThread [stack: 0x0000000018f80000,0x0000000019080000] [id=14620]
  0x0000000017f7d800 WatcherThread [stack: 0x0000000019d80000,0x0000000019e80000] [id=7180]

VM state:not at safepoint (normal execution)

VM Mutex/Monitor currently owned by a thread: None

heap address: 0x0000000080a00000, size: 2038 MB, Compressed Oops mode: 32-bit
Narrow klass base: 0x0000000000000000, Narrow klass shift: 3
Compressed class space size: 1073741824 Address: 0x0000000100000000

Heap:
 PSYoungGen      total 38400K, used 33346K [0x00000000d5900000, 0x00000000d9e80000, 0x0000000100000000)
  eden space 33280K, 98% used [0x00000000d5900000,0x00000000d78e6618,0x00000000d7980000)
  from space 5120K, 13% used [0x00000000d7980000,0x00000000d7a2a3b8,0x00000000d7e80000)
  to   space 10240K, 0% used [0x00000000d9480000,0x00000000d9480000,0x00000000d9e80000)
 ParOldGen       total 59392K, used 6960K [0x0000000080a00000, 0x0000000084400000, 0x00000000d5900000)
  object space 59392K, 11% used [0x0000000080a00000,0x00000000810cc040,0x0000000084400000)
 Metaspace       used 24284K, capacity 24988K, committed 25088K, reserved 1071104K
  class space    used 3092K, capacity 3281K, committed 3328K, reserved 1048576K

Card table byte_map: [0x0000000012720000,0x0000000012b20000] byte_map_base: 0x000000001231b000

Marking Bits: (ParMarkBitMap*) 0x0000000062875ce0
 Begin Bits: [0x00000000131d0000, 0x00000000151a8000)
 End Bits:   [0x00000000151a8000, 0x0000000017180000)

Polling page: 0x0000000001340000

CodeCache: size=245760Kb used=7811Kb max_used=7811Kb free=237948Kb
 bounds [0x0000000003360000, 0x0000000003b10000, 0x0000000012360000]
 total_blobs=2624 nmethods=2238 adapters=298
 compilation: enabled

Compilation events (10 events):
Event: 2.444 Thread 0x0000000017f3a000 2241       1       org.springframework.beans.factory.support.AbstractBeanDefinition::isLenientConstructorResolution (5 bytes)
Event: 2.444 Thread 0x0000000017f3a000 nmethod 2241 0x0000000003b04c90 code [0x0000000003b04de0, 0x0000000003b04ef0]
Event: 2.444 Thread 0x0000000017f3a000 2242       1       org.springframework.beans.factory.support.AbstractBeanDefinition::isEnforceInitMethod (5 bytes)
Event: 2.444 Thread 0x0000000017f3a000 nmethod 2242 0x0000000003b04f50 code [0x0000000003b050a0, 0x0000000003b051b0]
Event: 2.444 Thread 0x0000000017f3a000 2243       1       org.springframework.beans.factory.support.AbstractBeanDefinition::isEnforceDestroyMethod (5 bytes)
Event: 2.444 Thread 0x0000000017f3a000 nmethod 2243 0x0000000003b05210 code [0x0000000003b05360, 0x0000000003b05470]
Event: 2.444 Thread 0x0000000017f3a000 2244       1       org.springframework.beans.factory.support.AbstractBeanDefinition::getResource (5 bytes)
Event: 2.444 Thread 0x0000000017f3a000 nmethod 2244 0x0000000003b054d0 code [0x0000000003b05620, 0x0000000003b05730]
Event: 2.444 Thread 0x0000000017f3a000 2245       1       org.springframework.beans.factory.support.AbstractBeanFactory::isCacheBeanMetadata (5 bytes)
Event: 2.444 Thread 0x0000000017f3a000 nmethod 2245 0x0000000003b05790 code [0x0000000003b058e0, 0x0000000003b059f0]

GC Heap History (10 events):
Event: 1.466 GC heap before
{Heap before GC invocations=2 (full 0):
 PSYoungGen      total 38400K, used 38397K [0x00000000d5900000, 0x00000000d8380000, 0x0000000100000000)
  eden space 33280K, 100% used [0x00000000d5900000,0x00000000d7980000,0x00000000d7980000)
  from space 5120K, 99% used [0x00000000d7980000,0x00000000d7e7f4c8,0x00000000d7e80000)
  to   space 5120K, 0% used [0x00000000d7e80000,0x00000000d7e80000,0x00000000d8380000)
 ParOldGen       total 87552K, used 464K [0x0000000080a00000, 0x0000000085f80000, 0x00000000d5900000)
  object space 87552K, 0% used [0x0000000080a00000,0x0000000080a74080,0x0000000085f80000)
 Metaspace       used 15001K, capacity 15398K, committed 15744K, reserved 1062912K
  class space    used 1964K, capacity 2084K, committed 2176K, reserved 1048576K
Event: 1.477 GC heap after
Heap after GC invocations=2 (full 0):
 PSYoungGen      total 38400K, used 5094K [0x00000000d5900000, 0x00000000d8380000, 0x0000000100000000)
  eden space 33280K, 0% used [0x00000000d5900000,0x00000000d5900000,0x00000000d7980000)
  from space 5120K, 99% used [0x00000000d7e80000,0x00000000d8379ad8,0x00000000d8380000)
  to   space 5120K, 0% used [0x00000000d7980000,0x00000000d7980000,0x00000000d7e80000)
 ParOldGen       total 87552K, used 2287K [0x0000000080a00000, 0x0000000085f80000, 0x00000000d5900000)
  object space 87552K, 2% used [0x0000000080a00000,0x0000000080c3bff8,0x0000000085f80000)
 Metaspace       used 15001K, capacity 15398K, committed 15744K, reserved 1062912K
  class space    used 1964K, capacity 2084K, committed 2176K, reserved 1048576K
}
Event: 1.742 GC heap before
{Heap before GC invocations=3 (full 0):
 PSYoungGen      total 38400K, used 38374K [0x00000000d5900000, 0x00000000d8380000, 0x0000000100000000)
  eden space 33280K, 100% used [0x00000000d5900000,0x00000000d7980000,0x00000000d7980000)
  from space 5120K, 99% used [0x00000000d7e80000,0x00000000d8379ad8,0x00000000d8380000)
  to   space 5120K, 0% used [0x00000000d7980000,0x00000000d7980000,0x00000000d7e80000)
 ParOldGen       total 87552K, used 2287K [0x0000000080a00000, 0x0000000085f80000, 0x00000000d5900000)
  object space 87552K, 2% used [0x0000000080a00000,0x0000000080c3bff8,0x0000000085f80000)
 Metaspace       used 19060K, capacity 19594K, committed 19712K, reserved 1067008K
  class space    used 2411K, capacity 2560K, committed 2560K, reserved 1048576K
Event: 1.750 GC heap after
Heap after GC invocations=3 (full 0):
 PSYoungGen      total 38400K, used 5109K [0x00000000d5900000, 0x00000000d8380000, 0x0000000100000000)
  eden space 33280K, 0% used [0x00000000d5900000,0x00000000d5900000,0x00000000d7980000)
  from space 5120K, 99% used [0x00000000d7980000,0x00000000d7e7d4a8,0x00000000d7e80000)
  to   space 5120K, 0% used [0x00000000d7e80000,0x00000000d7e80000,0x00000000d8380000)
 ParOldGen       total 87552K, used 5363K [0x0000000080a00000, 0x0000000085f80000, 0x00000000d5900000)
  object space 87552K, 6% used [0x0000000080a00000,0x0000000080f3cd68,0x0000000085f80000)
 Metaspace       used 19060K, capacity 19594K, committed 19712K, reserved 1067008K
  class space    used 2411K, capacity 2560K, committed 2560K, reserved 1048576K
}
Event: 1.919 GC heap before
{Heap before GC invocations=4 (full 0):
 PSYoungGen      total 38400K, used 25327K [0x00000000d5900000, 0x00000000d8380000, 0x0000000100000000)
  eden space 33280K, 60% used [0x00000000d5900000,0x00000000d6cbe8e0,0x00000000d7980000)
  from space 5120K, 99% used [0x00000000d7980000,0x00000000d7e7d4a8,0x00000000d7e80000)
  to   space 5120K, 0% used [0x00000000d7e80000,0x00000000d7e80000,0x00000000d8380000)
 ParOldGen       total 87552K, used 5363K [0x0000000080a00000, 0x0000000085f80000, 0x00000000d5900000)
  object space 87552K, 6% used [0x0000000080a00000,0x0000000080f3cd68,0x0000000085f80000)
 Metaspace       used 20666K, capacity 21232K, committed 21248K, reserved 1067008K
  class space    used 2643K, capacity 2801K, committed 2816K, reserved 1048576K
Event: 1.927 GC heap after
Heap after GC invocations=4 (full 0):
 PSYoungGen      total 38400K, used 5104K [0x00000000d5900000, 0x00000000d8380000, 0x0000000100000000)
  eden space 33280K, 0% used [0x00000000d5900000,0x00000000d5900000,0x00000000d7980000)
  from space 5120K, 99% used [0x00000000d7e80000,0x00000000d837c010,0x00000000d8380000)
  to   space 5120K, 0% used [0x00000000d7980000,0x00000000d7980000,0x00000000d7e80000)
 ParOldGen       total 87552K, used 7333K [0x0000000080a00000, 0x0000000085f80000, 0x00000000d5900000)
  object space 87552K, 8% used [0x0000000080a00000,0x0000000081129760,0x0000000085f80000)
 Metaspace       used 20666K, capacity 21232K, committed 21248K, reserved 1067008K
  class space    used 2643K, capacity 2801K, committed 2816K, reserved 1048576K
}
Event: 1.927 GC heap before
{Heap before GC invocations=5 (full 1):
 PSYoungGen      total 38400K, used 5104K [0x00000000d5900000, 0x00000000d8380000, 0x0000000100000000)
  eden space 33280K, 0% used [0x00000000d5900000,0x00000000d5900000,0x00000000d7980000)
  from space 5120K, 99% used [0x00000000d7e80000,0x00000000d837c010,0x00000000d8380000)
  to   space 5120K, 0% used [0x00000000d7980000,0x00000000d7980000,0x00000000d7e80000)
 ParOldGen       total 87552K, used 7333K [0x0000000080a00000, 0x0000000085f80000, 0x00000000d5900000)
  object space 87552K, 8% used [0x0000000080a00000,0x0000000081129760,0x0000000085f80000)
 Metaspace       used 20666K, capacity 21232K, committed 21248K, reserved 1067008K
  class space    used 2643K, capacity 2801K, committed 2816K, reserved 1048576K
Event: 1.971 GC heap after
Heap after GC invocations=5 (full 1):
 PSYoungGen      total 38400K, used 0K [0x00000000d5900000, 0x00000000d8380000, 0x0000000100000000)
  eden space 33280K, 0% used [0x00000000d5900000,0x00000000d5900000,0x00000000d7980000)
  from space 5120K, 0% used [0x00000000d7e80000,0x00000000d7e80000,0x00000000d8380000)
  to   space 5120K, 0% used [0x00000000d7980000,0x00000000d7980000,0x00000000d7e80000)
 ParOldGen       total 59392K, used 6952K [0x0000000080a00000, 0x0000000084400000, 0x00000000d5900000)
  object space 59392K, 11% used [0x0000000080a00000,0x00000000810ca040,0x0000000084400000)
 Metaspace       used 20663K, capacity 21224K, committed 21248K, reserved 1067008K
  class space    used 2642K, capacity 2799K, committed 2816K, reserved 1048576K
}
Event: 2.028 GC heap before
{Heap before GC invocations=6 (full 1):
 PSYoungGen      total 38400K, used 33244K [0x00000000d5900000, 0x00000000d8380000, 0x0000000100000000)
  eden space 33280K, 99% used [0x00000000d5900000,0x00000000d7977178,0x00000000d7980000)
  from space 5120K, 0% used [0x00000000d7e80000,0x00000000d7e80000,0x00000000d8380000)
  to   space 5120K, 0% used [0x00000000d7980000,0x00000000d7980000,0x00000000d7e80000)
 ParOldGen       total 59392K, used 6952K [0x0000000080a00000, 0x0000000084400000, 0x00000000d5900000)
  object space 59392K, 11% used [0x0000000080a00000,0x00000000810ca040,0x0000000084400000)
 Metaspace       used 21444K, capacity 22042K, committed 22144K, reserved 1069056K
  class space    used 2727K, capacity 2898K, committed 2944K, reserved 1048576K
Event: 2.029 GC heap after
Heap after GC invocations=6 (full 1):
 PSYoungGen      total 38400K, used 680K [0x00000000d5900000, 0x00000000d9e80000, 0x0000000100000000)
  eden space 33280K, 0% used [0x00000000d5900000,0x00000000d5900000,0x00000000d7980000)
  from space 5120K, 13% used [0x00000000d7980000,0x00000000d7a2a3b8,0x00000000d7e80000)
  to   space 10240K, 0% used [0x00000000d9480000,0x00000000d9480000,0x00000000d9e80000)
 ParOldGen       total 59392K, used 6960K [0x0000000080a00000, 0x0000000084400000, 0x00000000d5900000)
  object space 59392K, 11% used [0x0000000080a00000,0x00000000810cc040,0x0000000084400000)
 Metaspace       used 21444K, capacity 22042K, committed 22144K, reserved 1069056K
  class space    used 2727K, capacity 2898K, committed 2944K, reserved 1048576K
}

Deoptimization events (10 events):
Event: 1.907 Thread 0x0000000003266000 Uncommon trap: reason=unstable_if action=reinterpret pc=0x00000000036c1cdc method=org.springframework.boot.context.properties.source.ConfigurationPropertyName$ElementsParser.isValidChar(CI)Z @ 21
Event: 2.146 Thread 0x000000001a6ea800 Uncommon trap: reason=unstable_if action=reinterpret pc=0x000000000399c820 method=com.sun.org.apache.xerces.internal.impl.XMLEntityScanner.scanLiteral(ILcom/sun/org/apache/xerces/internal/xni/XMLString;Z)I @ 570
Event: 2.165 Thread 0x000000001a6ea800 Uncommon trap: reason=unstable_if action=reinterpret pc=0x000000000398e9b4 method=com.sun.org.apache.xerces.internal.impl.XMLEntityScanner.checkBeforeLoad(Lcom/sun/xml/internal/stream/Entity$ScannedEntity;II)I @ 18
Event: 2.197 Thread 0x000000001a6ea800 Uncommon trap: reason=unstable_if action=reinterpret pc=0x00000000039c65dc method=com.sun.org.apache.xerces.internal.impl.XMLEntityScanner.skipSpaces()Z @ 125
Event: 2.238 Thread 0x000000001a6ea800 Uncommon trap: reason=unstable_if action=reinterpret pc=0x0000000003a2d564 method=com.sun.org.apache.xerces.internal.util.SymbolTable.addSymbol([CII)Ljava/lang/String; @ 38
Event: 2.241 Thread 0x000000001a6ea800 Uncommon trap: reason=unstable_if action=reinterpret pc=0x00000000039ee788 method=com.sun.org.apache.xerces.internal.util.SymbolTable.addSymbol([CII)Ljava/lang/String; @ 38
Event: 2.310 Thread 0x0000000003266000 Uncommon trap: reason=bimorphic action=maybe_recompile pc=0x000000000389437c method=java.util.concurrent.ConcurrentHashMap.get(Ljava/lang/Object;)Ljava/lang/Object; @ 149
Event: 2.310 Thread 0x0000000003266000 Uncommon trap: reason=bimorphic action=maybe_recompile pc=0x000000000389437c method=java.util.concurrent.ConcurrentHashMap.get(Ljava/lang/Object;)Ljava/lang/Object; @ 149
Event: 2.315 Thread 0x0000000003266000 Uncommon trap: reason=bimorphic action=maybe_recompile pc=0x000000000389437c method=java.util.concurrent.ConcurrentHashMap.get(Ljava/lang/Object;)Ljava/lang/Object; @ 149
Event: 2.315 Thread 0x0000000003266000 Uncommon trap: reason=bimorphic action=maybe_recompile pc=0x000000000389437c method=java.util.concurrent.ConcurrentHashMap.get(Ljava/lang/Object;)Ljava/lang/Object; @ 149

Classes redefined (0 events):
No events

Internal exceptions (10 events):
Event: 1.482 Thread 0x0000000003266000 Exception <a 'java/lang/ClassNotFoundException': org/springframework/core/OrderedCustomizer> (0x00000000d5927cf0) thrown at [C:\re\workspace\8-2-build-windows-amd64-cygwin\jdk8u221\13320\hotspot\src\share\vm\classfile\systemDictionary.cpp, line 210]
Event: 1.483 Thread 0x0000000003266000 Exception <a 'java/lang/ClassNotFoundException': org/springframework/context/ResourceLoaderAwareCustomizer> (0x00000000d593f6d0) thrown at [C:\re\workspace\8-2-build-windows-amd64-cygwin\jdk8u221\13320\hotspot\src\share\vm\classfile\systemDictionary.cpp, 
Event: 1.486 Thread 0x0000000003266000 Exception <a 'java/lang/ClassNotFoundException': org/springframework/beans/factory/AwareCustomizer> (0x00000000d5955110) thrown at [C:\re\workspace\8-2-build-windows-amd64-cygwin\jdk8u221\13320\hotspot\src\share\vm\classfile\systemDictionary.cpp, line 210
Event: 1.487 Thread 0x0000000003266000 Exception <a 'java/lang/ClassNotFoundException': org/springframework/beans/factory/BeanClassLoaderAwareCustomizer> (0x00000000d596e0e0) thrown at [C:\re\workspace\8-2-build-windows-amd64-cygwin\jdk8u221\13320\hotspot\src\share\vm\classfile\systemDictionar
Event: 1.487 Thread 0x0000000003266000 Exception <a 'java/lang/ClassNotFoundException': org/springframework/beans/factory/AwareCustomizer> (0x00000000d5a55708) thrown at [C:\re\workspace\8-2-build-windows-amd64-cygwin\jdk8u221\13320\hotspot\src\share\vm\classfile\systemDictionary.cpp, line 210
Event: 1.488 Thread 0x0000000003266000 Exception <a 'java/lang/ClassNotFoundException': org/springframework/context/EnvironmentAwareCustomizer> (0x00000000d5a6b708) thrown at [C:\re\workspace\8-2-build-windows-amd64-cygwin\jdk8u221\13320\hotspot\src\share\vm\classfile\systemDictionary.cpp, lin
Event: 1.488 Thread 0x0000000003266000 Exception <a 'java/lang/ClassNotFoundException': org/springframework/beans/factory/AwareCustomizer> (0x00000000d5a81040) thrown at [C:\re\workspace\8-2-build-windows-amd64-cygwin\jdk8u221\13320\hotspot\src\share\vm\classfile\systemDictionary.cpp, line 210
Event: 1.550 Thread 0x0000000003266000 Exception <a 'java/lang/NoSuchMethodError': java.lang.Object.lambda$comparing$77a9974f$1(Ljava/util/function/Function;Ljava/lang/Object;Ljava/lang/Object;)I> (0x00000000d5d56fc8) thrown at [C:\re\workspace\8-2-build-windows-amd64-cygwin\jdk8u221\13320\hot
Event: 1.759 Thread 0x0000000003266000 Exception <a 'java/lang/IncompatibleClassChangeError': Found class java.lang.Object, but interface was expected> (0x00000000d5a688c8) thrown at [C:\re\workspace\8-2-build-windows-amd64-cygwin\jdk8u221\13320\hotspot\src\share\vm\interpreter\linkResolver.cp
Event: 1.830 Thread 0x000000001a6ea800 Exception <a 'java/lang/IncompatibleClassChangeError': Found class java.lang.Object, but interface was expected> (0x00000000d63becf0) thrown at [C:\re\workspace\8-2-build-windows-amd64-cygwin\jdk8u221\13320\hotspot\src\share\vm\interpreter\linkResolver.cp

Events (10 events):
Event: 2.441 loading class org/springframework/boot/autoconfigure/orm/jpa/JpaBaseConfiguration
Event: 2.441 loading class org/springframework/boot/autoconfigure/orm/jpa/JpaBaseConfiguration done
Event: 2.442 loading class org/springframework/orm/jpa/JpaVendorAdapter
Event: 2.442 loading class org/springframework/orm/jpa/JpaVendorAdapter done
Event: 2.443 loading class org/springframework/orm/jpa/vendor/AbstractJpaVendorAdapter
Event: 2.443 loading class org/springframework/orm/jpa/vendor/AbstractJpaVendorAdapter done
Event: 2.443 loading class org/springframework/orm/jpa/vendor/HibernateJpaVendorAdapter
Event: 2.443 loading class org/springframework/orm/jpa/vendor/HibernateJpaVendorAdapter done
Event: 2.444 loading class org/hibernate/boot/model/naming/PhysicalNamingStrategy
Event: 2.444 loading class org/hibernate/boot/model/naming/PhysicalNamingStrategy done


Dynamic libraries:
0x00007ff797b50000 - 0x00007ff797b87000 	C:\Program Files\Java\jdk1.8.0_221\bin\javaw.exe
0x00007ffdf9760000 - 0x00007ffdf9950000 	C:\WINDOWS\SYSTEM32\ntdll.dll
0x00007ffdf9580000 - 0x00007ffdf9632000 	C:\WINDOWS\System32\KERNEL32.DLL
0x00007ffdf7560000 - 0x00007ffdf7803000 	C:\WINDOWS\System32\KERNELBASE.dll
0x00007ffdf81e0000 - 0x00007ffdf8283000 	C:\WINDOWS\System32\ADVAPI32.dll
0x00007ffdf8690000 - 0x00007ffdf872e000 	C:\WINDOWS\System32\msvcrt.dll
0x00007ffdf9310000 - 0x00007ffdf93a7000 	C:\WINDOWS\System32\sechost.dll
0x00007ffdf9460000 - 0x00007ffdf9580000 	C:\WINDOWS\System32\RPCRT4.dll
0x00007ffdf8420000 - 0x00007ffdf85b3000 	C:\WINDOWS\System32\USER32.dll
0x00007ffdf6750000 - 0x00007ffdf6771000 	C:\WINDOWS\System32\win32u.dll
0x00007ffdf7820000 - 0x00007ffdf7846000 	C:\WINDOWS\System32\GDI32.dll
0x00007ffdf6830000 - 0x00007ffdf69c4000 	C:\WINDOWS\System32\gdi32full.dll
0x00007ffdf7410000 - 0x00007ffdf74ae000 	C:\WINDOWS\System32\msvcp_win.dll
0x00007ffdf6b70000 - 0x00007ffdf6c6a000 	C:\WINDOWS\System32\ucrtbase.dll
0x00007ffdeb250000 - 0x00007ffdeb4d5000 	C:\WINDOWS\WinSxS\amd64_microsoft.windows.common-controls_6595b64144ccf1df_6.0.18362.267_none_e6c5adbd130e444d\COMCTL32.dll
0x00007ffdf88e0000 - 0x00007ffdf8c16000 	C:\WINDOWS\System32\combase.dll
0x00007ffdf67b0000 - 0x00007ffdf6830000 	C:\WINDOWS\System32\bcryptPrimitives.dll
0x00007ffdf93b0000 - 0x00007ffdf93de000 	C:\WINDOWS\System32\IMM32.DLL
0x0000000062900000 - 0x00000000629d2000 	C:\Program Files\Java\jdk1.8.0_221\jre\bin\msvcr100.dll
0x0000000062050000 - 0x00000000628f5000 	C:\Program Files\Java\jdk1.8.0_221\jre\bin\server\jvm.dll
0x00007ffdf7810000 - 0x00007ffdf7818000 	C:\WINDOWS\System32\PSAPI.DLL
0x00007ffdeb970000 - 0x00007ffdeb994000 	C:\WINDOWS\SYSTEM32\WINMM.dll
0x00007ffdf1910000 - 0x00007ffdf1919000 	C:\WINDOWS\SYSTEM32\WSOCK32.dll
0x00007ffded630000 - 0x00007ffded63a000 	C:\WINDOWS\SYSTEM32\VERSION.dll
0x00007ffdf8340000 - 0x00007ffdf83af000 	C:\WINDOWS\System32\WS2_32.dll
0x00007ffdeb940000 - 0x00007ffdeb96d000 	C:\WINDOWS\SYSTEM32\WINMMBASE.dll
0x00007ffdf6b20000 - 0x00007ffdf6b6a000 	C:\WINDOWS\System32\cfgmgr32.dll
0x00007ffdea450000 - 0x00007ffdea45f000 	C:\Program Files\Java\jdk1.8.0_221\jre\bin\verify.dll
0x00007ffddf560000 - 0x00007ffddf589000 	C:\Program Files\Java\jdk1.8.0_221\jre\bin\java.dll
0x00007ffde0a00000 - 0x00007ffde0a16000 	C:\Program Files\Java\jdk1.8.0_221\jre\bin\zip.dll
0x00007ffdf8c20000 - 0x00007ffdf9302000 	C:\WINDOWS\System32\SHELL32.dll
0x00007ffdf7f80000 - 0x00007ffdf8029000 	C:\WINDOWS\System32\shcore.dll
0x00007ffdf6c90000 - 0x00007ffdf740c000 	C:\WINDOWS\System32\windows.storage.dll
0x00007ffdf66b0000 - 0x00007ffdf66cf000 	C:\WINDOWS\System32\profapi.dll
0x00007ffdf6640000 - 0x00007ffdf668a000 	C:\WINDOWS\System32\powrprof.dll
0x00007ffdf6630000 - 0x00007ffdf6640000 	C:\WINDOWS\System32\UMPDC.dll
0x00007ffdf79d0000 - 0x00007ffdf7a22000 	C:\WINDOWS\System32\shlwapi.dll
0x00007ffdf6690000 - 0x00007ffdf66a1000 	C:\WINDOWS\System32\kernel.appcore.dll
0x00007ffdf6c70000 - 0x00007ffdf6c87000 	C:\WINDOWS\System32\cryptsp.dll
0x00007ffde0790000 - 0x00007ffde07aa000 	C:\Program Files\Java\jdk1.8.0_221\jre\bin\net.dll
0x00007ffdefef0000 - 0x00007ffdf00c6000 	C:\WINDOWS\SYSTEM32\urlmon.dll
0x00007ffdec300000 - 0x00007ffdec5a6000 	C:\WINDOWS\SYSTEM32\iertutil.dll
0x00007ffdf6010000 - 0x00007ffdf601c000 	C:\WINDOWS\SYSTEM32\CRYPTBASE.DLL
0x00007ffdf5e40000 - 0x00007ffdf5ea7000 	C:\WINDOWS\system32\mswsock.dll
0x00007ffddf7f0000 - 0x00007ffddf802000 	C:\Program Files\Java\jdk1.8.0_221\jre\bin\nio.dll
0x00007ffde9130000 - 0x00007ffde913d000 	C:\Program Files\Java\jdk1.8.0_221\jre\bin\management.dll
0x00007ffdefcd0000 - 0x00007ffdefce6000 	C:\WINDOWS\system32\napinsp.dll
0x00007ffde0080000 - 0x00007ffde009a000 	C:\WINDOWS\system32\pnrpnsp.dll
0x00007ffdf5b90000 - 0x00007ffdf5c5a000 	C:\WINDOWS\SYSTEM32\DNSAPI.dll
0x00007ffdf7a30000 - 0x00007ffdf7a38000 	C:\WINDOWS\System32\NSI.dll
0x00007ffdf5b50000 - 0x00007ffdf5b8a000 	C:\WINDOWS\SYSTEM32\IPHLPAPI.DLL
0x00007ffdf03d0000 - 0x00007ffdf03de000 	C:\WINDOWS\System32\winrnr.dll
0x00007ffdf2920000 - 0x00007ffdf293c000 	C:\WINDOWS\system32\NLAapi.dll
0x00007ffddf4c0000 - 0x00007ffddf4d5000 	C:\WINDOWS\system32\wshbth.dll
0x00007ffdf12b0000 - 0x00007ffdf12ba000 	C:\Windows\System32\rasadhlp.dll
0x00007ffdf1390000 - 0x00007ffdf1407000 	C:\WINDOWS\System32\fwpuclnt.dll
0x00007ffdf6780000 - 0x00007ffdf67a6000 	C:\WINDOWS\System32\bcrypt.dll

VM Arguments:
jvm_args: -Dfile.encoding=UTF-8 
java_command: net.jwdouglas.hast.Server
java_class_path (initial): C:\OnlineProjects\Dropbox\EclipseJava\HAST\target\classes;C:\Users\jwdou\.m2\repository\org\springframework\boot\spring-boot-starter-web\2.1.6.RELEASE\spring-boot-starter-web-2.1.6.RELEASE.jar;C:\Users\jwdou\.m2\repository\org\springframework\boot\spring-boot-starter\2.1.6.RELEASE\spring-boot-starter-2.1.6.RELEASE.jar;C:\Users\jwdou\.m2\repository\org\springframework\boot\spring-boot\2.1.6.RELEASE\spring-boot-2.1.6.RELEASE.jar;C:\Users\jwdou\.m2\repository\org\springframework\boot\spring-boot-autoconfigure\2.1.6.RELEASE\spring-boot-autoconfigure-2.1.6.RELEASE.jar;C:\Users\jwdou\.m2\repository\org\springframework\boot\spring-boot-starter-logging\2.1.6.RELEASE\spring-boot-starter-logging-2.1.6.RELEASE.jar;C:\Users\jwdou\.m2\repository\ch\qos\logback\logback-classic\1.2.3\logback-classic-1.2.3.jar;C:\Users\jwdou\.m2\repository\ch\qos\logback\logback-core\1.2.3\logback-core-1.2.3.jar;C:\Users\jwdou\.m2\repository\org\apache\logging\log4j\log4j-to-slf4j\2.11.2\log4j-to-slf4j-2.11.2.jar;C:\Users\jwdou\.m2\repository\org\apache\logging\log4j\log4j-api\2.11.2\log4j-api-2.11.2.jar;C:\Users\jwdou\.m2\repository\org\slf4j\jul-to-slf4j\1.7.26\jul-to-slf4j-1.7.26.jar;C:\Users\jwdou\.m2\repository\org\springframework\spring-core\5.1.8.RELEASE\spring-core-5.1.8.RELEASE.jar;C:\Users\jwdou\.m2\repository\org\springframework\spring-jcl\5.1.8.RELEASE\spring-jcl-5.1.8.RELEASE.jar;C:\Users\jwdou\.m2\repository\org\springframework\boot\spring-boot-starter-json\2.1.6.RELEASE\spring-boot-starter-json-2.1.6.RELEASE.jar;C:\Users\jwdou\.m2\repository\com\fasterxml\jackson\datatype\jackson-datatype-jdk8\2.9.9\jackson-datatype-jdk8-2.9.9.jar;C:\Users\jwdou\.m2\repository\com\fasterxml\jackson\datatype\jackson-datatype-jsr310\2.9.9\jackson-datatype-jsr310-2.9.9.jar;C:\Users\jwdou\.m2\repository\com\fasterxml\jackson\module\jackson-module-parameter-names\2.9.9\jackson-module-parameter-names-2.9.9.jar;C:\Users\jwdou\.m2\repository\org\hibernate\validator\hibernate-vali
Launcher Type: SUN_STANDARD

Environment Variables:
PATH=C:/Program Files/Java/jre1.8.0_221/bin/server;C:/Program Files/Java/jre1.8.0_221/bin;C:/Program Files/Java/jre1.8.0_221/lib/amd64;C:\Program Files (x86)\Common Files\Intel\Shared Libraries\redist\intel64\compiler;C:\Program Files (x86)\Common Files\Oracle\Java\javapath;C:\Windows\system32;C:\Windows;C:\Windows\System32\Wbem;C:\Windows\System32\WindowsPowerShell\v1.0\;C:\Windows\System32\OpenSSH\;C:\xampp\php;C:\ProgramData\ComposerSetup\bin;C:\Program Files (x86)\NVIDIA Corporation\PhysX\Common;C:\Program Files\NVIDIA Corporation\NVIDIA NvDLISR;C:\GCC\bin;C:\GCC\include;C:\NGrok;C:\OpenSSL-Win32\bin;C:\WINDOWS\system32;C:\WINDOWS;C:\WINDOWS\System32\Wbem;C:\WINDOWS\System32\WindowsPowerShell\v1.0\;C:\WINDOWS\System32\OpenSSH\;C:\Program Files (x86)\Gpg4win\..\GnuPG\bin;C:\Users\jwdou\AppData\Local\Microsoft\WindowsApps;C:\Users\jwdou\AppData\Roaming\Composer\vendor\bin;C:\Users\jwdou\AppData\Local\Programs\Microsoft VS Code\bin;C:\dart-sass-1.14.3-windows-x64\dart-sass;C:\Program Files\heroku\bin;C:\WINDOWS\System32;
USERNAME=jwdou
OS=Windows_NT
PROCESSOR_IDENTIFIER=Intel64 Family 6 Model 30 Stepping 5, GenuineIntel



---------------  S Y S T E M  ---------------

OS: Windows 10.0 , 64 bit Build 18362 (10.0.18362.86)

CPU:total 4 (initial active 4) (4 cores per cpu, 1 threads per core) family 6 model 30 stepping 5, cmov, cx8, fxsr, mmx, sse, sse2, sse3, ssse3, sse4.1, sse4.2, popcnt, tsc, tscinvbit

Memory: 4k page, physical 8346676k(1951932k free), swap 10443828k(8128k free)

vm_info: Java HotSpot(TM) 64-Bit Server VM (25.221-b11) for windows-amd64 JRE (1.8.0_221-b11), built on Jul  4 2019 04:39:29 by "java_re" with MS VC++ 10.0 (VS2010)

time: Sat Aug 03 15:58:07 2019
timezone: E. South America Standard Time
elapsed time: 2 seconds (0d 0h 0m 2s)

