[2019-03-10 08:29:37][INFO] Starting system...
[2019-03-10 08:29:37][INFO] Settings from config.yml has been loaded.
[2019-03-10 08:29:37][INFO] All variables settings has been setted.
[2019-03-10 08:29:37][INFO] The "English" language is able to be read.
[2019-03-10 08:29:37][INFO] General database is ok.
[2019-03-10 08:29:37][INFO] Data database is ok.
[2019-03-10 08:29:37][INFO] Databases are ok.
[2019-03-10 08:30:33][INFO] The config.yml file don't exist, trying to replace with default config file.
[2019-03-10 08:30:33][INFO] Default settings has been loaded.
[2019-03-10 08:30:33][INFO] All variables settings has been setted.
[2019-03-10 08:30:33][INFO] The "English" language is able to be read.
[2019-03-10 08:30:33][ERROR] PDOException: SQLSTATE[HY000] [1049] Unknown database 'kazacultura_general' in C:\PlaceProjects\KazaCultura\WebServer\core\database.php:8
Stack trace:
#0 C:\PlaceProjects\KazaCultura\WebServer\core\database.php(8): PDO->__construct('mysql:host=loca...', 'root', NULL)
#1 C:\PlaceProjects\KazaCultura\WebServer\core\database.php(19): openGeneralDatabase()
#2 C:\PlaceProjects\KazaCultura\WebServer\core\start.php(97): checkDatabases()
#3 {main}
[2019-03-10 08:30:33][INFO] Something is wrong with databases, please check them.
[2019-03-10 08:32:55][INFO] Starting system...
[2019-03-10 08:32:55][INFO] Settings from config.yml has been loaded.
[2019-03-10 08:32:55][INFO] All variables settings has been setted.
[2019-03-10 08:32:55][INFO] The "English" language is able to be read.
[2019-03-10 08:32:55][INFO] General database is ok.
[2019-03-10 08:32:55][ERROR] PDOException: SQLSTATE[HY000] [1049] Unknown database 'kazacultura_sensors' in C:\PlaceProjects\KazaCultura\WebServer\core\database.php:13
Stack trace:
#0 C:\PlaceProjects\KazaCultura\WebServer\core\database.php(13): PDO->__construct('mysql:host=loca...', 'root', NULL)
#1 C:\PlaceProjects\KazaCultura\WebServer\core\database.php(21): openDataDatabase()
#2 C:\PlaceProjects\KazaCultura\WebServer\core\start.php(97): checkDatabases()
#3 {main}
[2019-03-10 08:32:55][INFO] Something is wrong with databases, please check them.
[2019-03-10 08:34:38][INFO] Starting system...
[2019-03-10 08:34:38][INFO] Settings from config.yml has been loaded.
[2019-03-10 08:34:38][INFO] All variables settings has been setted.
[2019-03-10 08:34:38][INFO] The "English" language is able to be read.
[2019-03-10 08:34:38][INFO] General database is ok.
[2019-03-10 08:34:38][INFO] Data database is ok.
[2019-03-10 08:34:38][INFO] Databases are ok.
