[2019-03-09 20:06:06][INFO] Starting system...
[2019-03-09 20:06:06][INFO] Settings from config.yml has been loaded.
[2019-03-09 20:06:06][INFO] The "en-us" pack language is able to be read.
[2019-03-09 20:06:18][INFO] Starting system...
[2019-03-09 20:06:18][INFO] Settings from config.yml has been loaded.
[2019-03-09 20:06:18][INFO] The "en-us" pack language is able to be read.
[2019-03-09 20:06:33][INFO] Starting system...
[2019-03-09 20:06:33][INFO] Settings from config.yml has been loaded.
[2019-03-09 20:06:33][INFO] The "en-us" pack language is able to be read.
[2019-03-09 20:09:18][INFO] Starting system...
[2019-03-09 20:09:18][INFO] Settings from config.yml has been loaded.
[2019-03-09 20:09:18][INFO] The "English" language is able to be read.
[2019-03-09 20:09:39][INFO] Starting system...
[2019-03-09 20:09:39][INFO] Settings from config.yml has been loaded.
[2019-03-09 20:09:39][INFO] The "Português" language is able to be read.
[2019-03-09 20:11:11][INFO] Starting system...
[2019-03-09 20:11:11][INFO] Settings from config.yml has been loaded.
[2019-03-09 20:11:11][INFO] The "English" language is able to be read.
[2019-03-09 22:19:11][INFO] Starting system...
[2019-03-09 22:19:11][INFO] Settings from config.yml has been loaded.
[2019-03-09 22:19:11][INFO] All variables settings has been setted.
[2019-03-09 22:19:11][INFO] The "English" language is able to be read.
