[10:41:18][INFO] Spring is starting. 
[10:41:22][INFO] This is a log reseted. 
[10:41:22][INFO] The server is all loaded! 
[10:43:18][INFO] Server stopped. 
[10:43:22][INFO] Spring is starting. 
[10:43:25][INFO] This is a log reseted. 
[10:43:25][INFO] The server is all loaded! 
[10:48:12][INFO] Server stopped. 
[11:01:06][INFO] Spring is starting. 
[11:01:10][INFO] This is a log reseted. 
[11:01:10][INFO] The server is all loaded! 
[11:09:54][INFO] Server stopped. 
[11:11:12][INFO] Spring is starting. 
[11:11:16][INFO] This is a log reseted. 
[11:11:16][INFO] The server is all loaded! 
[11:32:49][INFO] Server stopped. 
[14:54:48][INFO] Spring is starting. 
[14:54:53][INFO] Spring fail on start. 
[15:07:41][INFO] Spring is starting. 
[15:07:45][INFO] Spring fail on start. 
[15:30:57][INFO] Spring is starting. 
[15:31:04][INFO] Spring fail on start. 
[15:58:05][INFO] Spring is starting. 
[15:58:31][INFO] Spring is starting. 
[15:58:37][INFO] Spring fail on start. 
[16:04:35][INFO] Spring is starting. 
[16:04:40][INFO] Spring fail on start. 
[16:08:54][INFO] Spring is starting. 
[16:08:59][INFO] Spring fail on start. 
[16:09:53][INFO] Spring is starting. 
[16:09:58][INFO] Spring fail on start. 
[16:12:14][INFO] Spring is starting. 
[16:12:19][INFO] Spring fail on start. 
[16:13:35][INFO] Spring is starting. 
[16:13:40][INFO] Spring fail on start. 
[16:13:56][INFO] Spring is starting. 
[16:14:01][INFO] Spring fail on start. 
[16:14:32][INFO] Spring is starting. 
[16:14:37][INFO] Spring fail on start. 
[16:15:22][INFO] Spring is starting. 
[16:15:27][INFO] Spring fail on start. 
[16:17:05][INFO] Spring is starting. 
[16:17:10][INFO] Spring fail on start. 
[16:18:17][INFO] Spring is starting. 
[16:18:22][INFO] Spring fail on start. 
[16:27:19][INFO] Spring is starting. 
[16:27:24][INFO] Spring fail on start. 
[17:14:35][INFO] Spring is starting. 
[17:14:40][INFO] Spring fail on start. 
[17:14:43][INFO] Spring is starting. 
[17:14:48][INFO] Spring fail on start. 
